<?xml version="1.0" encoding="UTF-8"?>
<!-- Generated by org.testng.reporters.JUnitReportReporter -->
<testsuite hostname="DESKTOP-CU1KQ6O" failures="0" tests="1" name="BeautyProducts.facescanada_Test" time="120.467" errors="0" timestamp="2024-03-27T20:54:38 IST" skipped="0">
  <testcase classname="BeautyProducts.facescanada_Test" name="facescanadaProducts" time="120.467"/>
  <system-out/>
</testsuite> <!-- BeautyProducts.facescanada_Test -->
